# JRE version: OpenJDK Runtime Environment (17.0.10) (build 17.0.10+0--11609105)
# Java VM: OpenJDK 64-Bit Server VM (17.0.10+0--11609105, mixed mode, tiered, compressed oops, compressed class ptrs, g1 gc, windows-amd64)
GC Precious Log:
 CPUs: 16 total, 16 available
 Memory: 7549M
 Large Page Support: Disabled
 NUMA Support: Disabled
 Compressed Oops: Enabled (32-bit)
 Heap Region Size: 1M
 Heap Min Capacity: 8M
 Heap Initial Capacity: 118M
 Heap Max Capacity: 2G
 Pre-touch: Disabled
 Parallel Workers: 13
 Concurrent Workers: 3
 Concurrent Refinement Workers: 13
 Periodic GC: Disabled
Heap:
 garbage-first heap   total 155648K, used 107687K [0x0000000080000000, 0x0000000100000000)
  region size 1024K, 33 young (33792K), 7 survivors (7168K)
 Metaspace       used 90615K, committed 91200K, reserved 1179648K
  class space    used 12329K, committed 12608K, reserved 1048576K
GC Heap History (20 events):
Event: 7.100 GC heap before
{Heap before GC invocations=21 (full 0):
 garbage-first heap   total 115712K, used 59776K [0x0000000080000000, 0x0000000100000000)
  region size 1024K, 5 young (5120K), 2 survivors (2048K)
 Metaspace       used 60822K, committed 61376K, reserved 1114112K
  class space    used 8145K, committed 8384K, reserved 1048576K
}
Event: 7.102 GC heap after
{Heap after GC invocations=22 (full 0):
 garbage-first heap   total 115712K, used 56680K [0x0000000080000000, 0x0000000100000000)
  region size 1024K, 1 young (1024K), 1 survivors (1024K)
 Metaspace       used 60822K, committed 61376K, reserved 1114112K
  class space    used 8145K, committed 8384K, reserved 1048576K
}
Event: 7.280 GC heap before
{Heap before GC invocations=22 (full 0):
 garbage-first heap   total 115712K, used 65896K [0x0000000080000000, 0x0000000100000000)
  region size 1024K, 12 young (12288K), 1 survivors (1024K)
 Metaspace       used 62899K, committed 63424K, reserved 1114112K
  class space    used 8397K, committed 8640K, reserved 1048576K
}
Event: 7.282 GC heap after
{Heap after GC invocations=23 (full 0):
 garbage-first heap   total 115712K, used 58046K [0x0000000080000000, 0x0000000100000000)
  region size 1024K, 2 young (2048K), 2 survivors (2048K)
 Metaspace       used 62899K, committed 63424K, reserved 1114112K
  class space    used 8397K, committed 8640K, reserved 1048576K
}
Event: 7.508 GC heap before
{Heap before GC invocations=24 (full 0):
 garbage-first heap   total 119808K, used 89790K [0x0000000080000000, 0x0000000100000000)
  region size 1024K, 27 young (27648K), 2 survivors (2048K)
 Metaspace       used 64536K, committed 65088K, reserved 1114112K
  class space    used 8617K, committed 8896K, reserved 1048576K
}
Event: 7.511 GC heap after
{Heap after GC invocations=25 (full 0):
 garbage-first heap   total 119808K, used 60403K [0x0000000080000000, 0x0000000100000000)
  region size 1024K, 4 young (4096K), 4 survivors (4096K)
 Metaspace       used 64536K, committed 65088K, reserved 1114112K
  class space    used 8617K, committed 8896K, reserved 1048576K
}
Event: 7.518 GC heap before
{Heap before GC invocations=25 (full 0):
 garbage-first heap   total 119808K, used 61427K [0x0000000080000000, 0x0000000100000000)
  region size 1024K, 5 young (5120K), 4 survivors (4096K)
 Metaspace       used 64572K, committed 65088K, reserved 1114112K
  class space    used 8622K, committed 8896K, reserved 1048576K
}
Event: 7.521 GC heap after
{Heap after GC invocations=26 (full 0):
 garbage-first heap   total 155648K, used 60675K [0x0000000080000000, 0x0000000100000000)
  region size 1024K, 1 young (1024K), 1 survivors (1024K)
 Metaspace       used 64572K, committed 65088K, reserved 1114112K
  class space    used 8622K, committed 8896K, reserved 1048576K
}
Event: 8.107 GC heap before
{Heap before GC invocations=26 (full 0):
 garbage-first heap   total 155648K, used 103683K [0x0000000080000000, 0x0000000100000000)
  region size 1024K, 43 young (44032K), 1 survivors (1024K)
 Metaspace       used 68768K, committed 69312K, reserved 1114112K
  class space    used 9150K, committed 9408K, reserved 1048576K
}
Event: 8.109 GC heap after
{Heap after GC invocations=27 (full 0):
 garbage-first heap   total 155648K, used 63419K [0x0000000080000000, 0x0000000100000000)
  region size 1024K, 4 young (4096K), 4 survivors (4096K)
 Metaspace       used 68768K, committed 69312K, reserved 1114112K
  class space    used 9150K, committed 9408K, reserved 1048576K
}
Event: 8.630 GC heap before
{Heap before GC invocations=27 (full 0):
 garbage-first heap   total 155648K, used 113595K [0x0000000080000000, 0x0000000100000000)
  region size 1024K, 50 young (51200K), 4 survivors (4096K)
 Metaspace       used 73605K, committed 74176K, reserved 1114112K
  class space    used 9737K, committed 9984K, reserved 1048576K
}
Event: 8.634 GC heap after
{Heap after GC invocations=28 (full 0):
 garbage-first heap   total 155648K, used 66965K [0x0000000080000000, 0x0000000100000000)
  region size 1024K, 7 young (7168K), 7 survivors (7168K)
 Metaspace       used 73605K, committed 74176K, reserved 1114112K
  class space    used 9737K, committed 9984K, reserved 1048576K
}
Event: 9.215 GC heap before
{Heap before GC invocations=28 (full 0):
 garbage-first heap   total 155648K, used 116117K [0x0000000080000000, 0x0000000100000000)
  region size 1024K, 55 young (56320K), 7 survivors (7168K)
 Metaspace       used 76463K, committed 76992K, reserved 1179648K
  class space    used 10085K, committed 10304K, reserved 1048576K
}
Event: 9.221 GC heap after
{Heap after GC invocations=29 (full 0):
 garbage-first heap   total 155648K, used 71842K [0x0000000080000000, 0x0000000100000000)
  region size 1024K, 7 young (7168K), 7 survivors (7168K)
 Metaspace       used 76463K, committed 76992K, reserved 1179648K
  class space    used 10085K, committed 10304K, reserved 1048576K
}
Event: 9.799 GC heap before
{Heap before GC invocations=29 (full 0):
 garbage-first heap   total 155648K, used 116898K [0x0000000080000000, 0x0000000100000000)
  region size 1024K, 51 young (52224K), 7 survivors (7168K)
 Metaspace       used 81834K, committed 82368K, reserved 1179648K
  class space    used 11037K, committed 11264K, reserved 1048576K
}
Event: 9.804 GC heap after
{Heap after GC invocations=30 (full 0):
 garbage-first heap   total 155648K, used 75269K [0x0000000080000000, 0x0000000100000000)
  region size 1024K, 3 young (3072K), 3 survivors (3072K)
 Metaspace       used 81834K, committed 82368K, reserved 1179648K
  class space    used 11037K, committed 11264K, reserved 1048576K
}
Event: 10.164 GC heap before
{Heap before GC invocations=30 (full 0):
 garbage-first heap   total 155648K, used 121349K [0x0000000080000000, 0x0000000100000000)
  region size 1024K, 48 young (49152K), 3 survivors (3072K)
 Metaspace       used 84591K, committed 85184K, reserved 1179648K
  class space    used 11429K, committed 11712K, reserved 1048576K
}
Event: 10.169 GC heap after
{Heap after GC invocations=31 (full 0):
 garbage-first heap   total 155648K, used 78253K [0x0000000080000000, 0x0000000100000000)
  region size 1024K, 6 young (6144K), 6 survivors (6144K)
 Metaspace       used 84591K, committed 85184K, reserved 1179648K
  class space    used 11429K, committed 11712K, reserved 1048576K
}
Event: 10.620 GC heap before
{Heap before GC invocations=31 (full 0):
 garbage-first heap   total 155648K, used 122285K [0x0000000080000000, 0x0000000100000000)
  region size 1024K, 49 young (50176K), 6 survivors (6144K)
 Metaspace       used 87828K, committed 88512K, reserved 1179648K
  class space    used 11879K, committed 12224K, reserved 1048576K
}
Event: 10.625 GC heap after
{Heap after GC invocations=32 (full 0):
 garbage-first heap   total 155648K, used 82087K [0x0000000080000000, 0x0000000100000000)
  region size 1024K, 7 young (7168K), 7 survivors (7168K)
 Metaspace       used 87828K, committed 88512K, reserved 1179648K
  class space    used 11879K, committed 12224K, reserved 1048576K
}

