# JRE version: OpenJDK Runtime Environment (17.0.10) (build 17.0.10+0--11609105)
# Java VM: OpenJDK 64-Bit Server VM (17.0.10+0--11609105, mixed mode, tiered, compressed oops, compressed class ptrs, g1 gc, windows-amd64)
GC Precious Log:
 CPUs: 16 total, 16 available
 Memory: 7549M
 Large Page Support: Disabled
 NUMA Support: Disabled
 Compressed Oops: Enabled (32-bit)
 Heap Region Size: 1M
 Heap Min Capacity: 8M
 Heap Initial Capacity: 118M
 Heap Max Capacity: 1888M
 Pre-touch: Disabled
 Parallel Workers: 13
 Concurrent Workers: 3
 Concurrent Refinement Workers: 13
 Periodic GC: Disabled
Heap:
 garbage-first heap   total 91136K, used 59577K [0x000000008a000000, 0x0000000100000000)
  region size 1024K, 24 young (24576K), 5 survivors (5120K)
 Metaspace       used 55492K, committed 55808K, reserved 1114112K
  class space    used 6504K, committed 6656K, reserved 1048576K
GC Heap History (20 events):
Event: 0.819 GC heap before
{Heap before GC invocations=1 (full 0):
 garbage-first heap   total 120832K, used 40960K [0x000000008a000000, 0x0000000100000000)
  region size 1024K, 37 young (37888K), 3 survivors (3072K)
 Metaspace       used 21296K, committed 21504K, reserved 1114112K
  class space    used 2291K, committed 2368K, reserved 1048576K
}
Event: 0.827 GC heap after
{Heap after GC invocations=2 (full 0):
 garbage-first heap   total 120832K, used 10460K [0x000000008a000000, 0x0000000100000000)
  region size 1024K, 4 young (4096K), 4 survivors (4096K)
 Metaspace       used 21296K, committed 21504K, reserved 1114112K
  class space    used 2291K, committed 2368K, reserved 1048576K
}
Event: 1.063 GC heap before
{Heap before GC invocations=3 (full 0):
 garbage-first heap   total 40960K, used 32988K [0x000000008a000000, 0x0000000100000000)
  region size 1024K, 23 young (23552K), 4 survivors (4096K)
 Metaspace       used 26926K, committed 27136K, reserved 1114112K
  class space    used 2923K, committed 3008K, reserved 1048576K
}
Event: 1.070 GC heap after
{Heap after GC invocations=4 (full 0):
 garbage-first heap   total 40960K, used 16319K [0x000000008a000000, 0x0000000100000000)
  region size 1024K, 6 young (6144K), 6 survivors (6144K)
 Metaspace       used 26926K, committed 27136K, reserved 1114112K
  class space    used 2923K, committed 3008K, reserved 1048576K
}
Event: 1.089 GC heap before
{Heap before GC invocations=4 (full 0):
 garbage-first heap   total 40960K, used 16319K [0x000000008a000000, 0x0000000100000000)
  region size 1024K, 7 young (7168K), 6 survivors (6144K)
 Metaspace       used 27235K, committed 27456K, reserved 1114112K
  class space    used 2960K, committed 3072K, reserved 1048576K
}
Event: 1.095 GC heap after
{Heap after GC invocations=5 (full 0):
 garbage-first heap   total 40960K, used 17061K [0x000000008a000000, 0x0000000100000000)
  region size 1024K, 1 young (1024K), 1 survivors (1024K)
 Metaspace       used 27235K, committed 27456K, reserved 1114112K
  class space    used 2960K, committed 3072K, reserved 1048576K
}
Event: 1.312 GC heap before
{Heap before GC invocations=5 (full 0):
 garbage-first heap   total 40960K, used 31397K [0x000000008a000000, 0x0000000100000000)
  region size 1024K, 16 young (16384K), 1 survivors (1024K)
 Metaspace       used 31859K, committed 32064K, reserved 1114112K
  class space    used 3831K, committed 3904K, reserved 1048576K
}
Event: 1.315 GC heap after
{Heap after GC invocations=6 (full 0):
 garbage-first heap   total 40960K, used 17507K [0x000000008a000000, 0x0000000100000000)
  region size 1024K, 2 young (2048K), 2 survivors (2048K)
 Metaspace       used 31859K, committed 32064K, reserved 1114112K
  class space    used 3831K, committed 3904K, reserved 1048576K
}
Event: 1.447 GC heap before
{Heap before GC invocations=6 (full 0):
 garbage-first heap   total 40960K, used 33891K [0x000000008a000000, 0x0000000100000000)
  region size 1024K, 16 young (16384K), 2 survivors (2048K)
 Metaspace       used 32069K, committed 32256K, reserved 1114112K
  class space    used 3831K, committed 3904K, reserved 1048576K
}
Event: 1.453 GC heap after
{Heap after GC invocations=7 (full 0):
 garbage-first heap   total 73728K, used 23368K [0x000000008a000000, 0x0000000100000000)
  region size 1024K, 2 young (2048K), 2 survivors (2048K)
 Metaspace       used 32069K, committed 32256K, reserved 1114112K
  class space    used 3831K, committed 3904K, reserved 1048576K
}
Event: 2.212 GC heap before
{Heap before GC invocations=7 (full 0):
 garbage-first heap   total 73728K, used 39752K [0x000000008a000000, 0x0000000100000000)
  region size 1024K, 19 young (19456K), 2 survivors (2048K)
 Metaspace       used 35760K, committed 35968K, reserved 1114112K
  class space    used 4439K, committed 4544K, reserved 1048576K
}
Event: 2.218 GC heap after
{Heap after GC invocations=8 (full 0):
 garbage-first heap   total 73728K, used 26108K [0x000000008a000000, 0x0000000100000000)
  region size 1024K, 4 young (4096K), 4 survivors (4096K)
 Metaspace       used 35760K, committed 35968K, reserved 1114112K
  class space    used 4439K, committed 4544K, reserved 1048576K
}
Event: 2.469 GC heap before
{Heap before GC invocations=9 (full 0):
 garbage-first heap   total 73728K, used 50684K [0x000000008a000000, 0x0000000100000000)
  region size 1024K, 29 young (29696K), 4 survivors (4096K)
 Metaspace       used 40296K, committed 40576K, reserved 1114112K
  class space    used 4926K, committed 5056K, reserved 1048576K
}
Event: 2.477 GC heap after
{Heap after GC invocations=10 (full 0):
 garbage-first heap   total 73728K, used 27758K [0x000000008a000000, 0x0000000100000000)
  region size 1024K, 4 young (4096K), 4 survivors (4096K)
 Metaspace       used 40296K, committed 40576K, reserved 1114112K
  class space    used 4926K, committed 5056K, reserved 1048576K
}
Event: 2.743 GC heap before
{Heap before GC invocations=10 (full 0):
 garbage-first heap   total 73728K, used 51310K [0x000000008a000000, 0x0000000100000000)
  region size 1024K, 28 young (28672K), 4 survivors (4096K)
 Metaspace       used 46054K, committed 46336K, reserved 1114112K
  class space    used 5480K, committed 5632K, reserved 1048576K
}
Event: 2.748 GC heap after
{Heap after GC invocations=11 (full 0):
 garbage-first heap   total 73728K, used 29550K [0x000000008a000000, 0x0000000100000000)
  region size 1024K, 2 young (2048K), 2 survivors (2048K)
 Metaspace       used 46054K, committed 46336K, reserved 1114112K
  class space    used 5480K, committed 5632K, reserved 1048576K
}
Event: 3.599 GC heap before
{Heap before GC invocations=11 (full 0):
 garbage-first heap   total 73728K, used 55150K [0x000000008a000000, 0x0000000100000000)
  region size 1024K, 26 young (26624K), 2 survivors (2048K)
 Metaspace       used 50969K, committed 51264K, reserved 1114112K
  class space    used 6031K, committed 6144K, reserved 1048576K
}
Event: 3.606 GC heap after
{Heap after GC invocations=12 (full 0):
 garbage-first heap   total 91136K, used 35502K [0x000000008a000000, 0x0000000100000000)
  region size 1024K, 4 young (4096K), 4 survivors (4096K)
 Metaspace       used 50969K, committed 51264K, reserved 1114112K
  class space    used 6031K, committed 6144K, reserved 1048576K
}
Event: 3.954 GC heap before
{Heap before GC invocations=12 (full 0):
 garbage-first heap   total 91136K, used 68270K [0x000000008a000000, 0x0000000100000000)
  region size 1024K, 35 young (35840K), 4 survivors (4096K)
 Metaspace       used 54235K, committed 54592K, reserved 1114112K
  class space    used 6375K, committed 6528K, reserved 1048576K
}
Event: 3.966 GC heap after
{Heap after GC invocations=13 (full 0):
 garbage-first heap   total 91136K, used 42169K [0x000000008a000000, 0x0000000100000000)
  region size 1024K, 5 young (5120K), 5 survivors (5120K)
 Metaspace       used 54235K, committed 54592K, reserved 1114112K
  class space    used 6375K, committed 6528K, reserved 1048576K
}

